0 info it worked if it ends with ok
1 verbose cli [ '/usr/bin/node', '/usr/bin/npm', 'start' ]
2 info using npm@3.5.2
3 info using node@v8.10.0
4 verbose run-script [ 'prestart', 'start', 'poststart' ]
5 info lifecycle trivia-app@0.1.0~prestart: trivia-app@0.1.0
6 silly lifecycle trivia-app@0.1.0~prestart: no script for prestart, continuing
7 info lifecycle trivia-app@0.1.0~start: trivia-app@0.1.0
8 verbose lifecycle trivia-app@0.1.0~start: unsafe-perm in lifecycle true
9 verbose lifecycle trivia-app@0.1.0~start: PATH: /usr/share/npm/bin/node-gyp-bin:/mnt/d/FullStackDevelopper/FSND/projects/02_trivia_api/starter/frontend/node_modules/.bin:/home/jbossini/.local/bin:/usr/local/sbin:/usr/local/bin:/usr/sbin:/usr/bin:/sbin:/bin:/usr/games:/usr/local/games:/mnt/c/Program Files/WindowsApps/CanonicalGroupLimited.Ubuntu18.04onWindows_2020.1804.7.0_x64__79rhkp1fndgsc:/mnt/c/Program Files (x86)/Razer Chroma SDK/bin:/mnt/c/Program Files/Razer Chroma SDK/bin:/mnt/c/Windows/system32:/mnt/c/Windows:/mnt/c/Windows/System32/Wbem:/mnt/c/Windows/System32/WindowsPowerShell/v1.0/:/mnt/c/WINDOWS/system32:/mnt/c/WINDOWS:/mnt/c/WINDOWS/System32/Wbem:/mnt/c/WINDOWS/System32/WindowsPowerShell/v1.0/:/mnt/c/Program Files/Calibre2/:/mnt/c/Program Files/PuTTY/:/mnt/c/Users/jbossini/AppData/Local/Microsoft/WindowsApps:/mnt/c/WINDOWS/system32:/mnt/c/WINDOWS:/mnt/c/WINDOWS/System32/Wbem:/mnt/c/WINDOWS/System32/WindowsPowerShell/v1.0/:/mnt/c/WINDOWS/System32/OpenSSH/:/mnt/c/Program Files (x86)/NVIDIA Corporation/PhysX/Common:/mnt/c/Program Files/NVIDIA Corporation/NVIDIA NvDLISR:/mnt/c/Program Files/AutoFirma/AutoFirma:/mnt/c/Users/jbossini/AppData/Local/Programs/Microsoft VS Code/bin:/snap/bin
10 verbose lifecycle trivia-app@0.1.0~start: CWD: /mnt/d/FullStackDevelopper/FSND/projects/02_trivia_api/starter/frontend
11 silly lifecycle trivia-app@0.1.0~start: Args: [ '-c', 'node node_modules/react-scripts/scripts/start.js' ]
12 silly lifecycle trivia-app@0.1.0~start: Returned: code: 1  signal: null
13 info lifecycle trivia-app@0.1.0~start: Failed to exec start script
14 verbose stack Error: trivia-app@0.1.0 start: `node node_modules/react-scripts/scripts/start.js`
14 verbose stack Exit status 1
14 verbose stack     at EventEmitter.<anonymous> (/usr/share/npm/lib/utils/lifecycle.js:232:16)
14 verbose stack     at emitTwo (events.js:126:13)
14 verbose stack     at EventEmitter.emit (events.js:214:7)
14 verbose stack     at ChildProcess.<anonymous> (/usr/share/npm/lib/utils/spawn.js:24:14)
14 verbose stack     at emitTwo (events.js:126:13)
14 verbose stack     at ChildProcess.emit (events.js:214:7)
14 verbose stack     at maybeClose (internal/child_process.js:925:16)
14 verbose stack     at Process.ChildProcess._handle.onexit (internal/child_process.js:209:5)
15 verbose pkgid trivia-app@0.1.0
16 verbose cwd /mnt/d/FullStackDevelopper/FSND/projects/02_trivia_api/starter/frontend
17 error Linux 4.4.0-18362-Microsoft
18 error argv "/usr/bin/node" "/usr/bin/npm" "start"
19 error node v8.10.0
20 error npm  v3.5.2
21 error code ELIFECYCLE
22 error trivia-app@0.1.0 start: `node node_modules/react-scripts/scripts/start.js`
22 error Exit status 1
23 error Failed at the trivia-app@0.1.0 start script 'node node_modules/react-scripts/scripts/start.js'.
23 error Make sure you have the latest version of node.js and npm installed.
23 error If you do, this is most likely a problem with the trivia-app package,
23 error not with npm itself.
23 error Tell the author that this fails on your system:
23 error     node node_modules/react-scripts/scripts/start.js
23 error You can get information on how to open an issue for this project with:
23 error     npm bugs trivia-app
23 error Or if that isn't available, you can get their info via:
23 error     npm owner ls trivia-app
23 error There is likely additional logging output above.
24 verbose exit [ 1, true ]
